<?xml version="1.0" encoding="UTF-8"?>
<!-- Generated by org.testng.reporters.JUnitReportReporter -->
<testsuite hostname="IN2196864W1" failures="0" tests="1" name="steps.DeleteIndividuals" time="57.965" errors="0" timestamp="2023-04-26T12:00:48 IST" skipped="0">
  <testcase classname="steps.DeleteIndividuals" name="Delete" time="57.965"/>
  <system-out/>
</testsuite> <!-- steps.DeleteIndividuals -->
